<?xml version="1.0" encoding="UTF-8"?>
<!-- Generated by org.testng.reporters.JUnitReportReporter -->
<testsuite hostname="ZSCHN01LP0312" failures="0" tests="1" name="testScript.EmployeeDbtest" time="0.007" errors="0" timestamp="2024-02-12T13:58:01 IST" skipped="0">
  <testcase classname="testScript.EmployeeDbtest" name="test" time="0.007"/>
  <system-out/>
</testsuite> <!-- testScript.EmployeeDbtest -->
