<?xml version="1.0" encoding="UTF-8"?>
<!-- Generated by org.testng.reporters.JUnitReportReporter -->
<testsuite hostname="ZSCHN01LP0312" failures="0" tests="1" name="testScript.DemoqaFormTest" time="7.330" errors="0" timestamp="2024-02-01T07:26:37 IST" skipped="0">
  <testcase classname="testScript.DemoqaFormTest" name="f" time="7.330"/>
  <system-out/>
</testsuite> <!-- testScript.DemoqaFormTest -->
