<?xml version="1.0" encoding="UTF-8"?>
<!-- Generated by org.testng.reporters.JUnitReportReporter -->
<testsuite hostname="ZSCHN01LP0312" failures="0" tests="1" name="testScript.FileDownloadTest" time="13.298" errors="0" timestamp="2024-02-01T10:10:36 IST" skipped="0">
  <testcase classname="testScript.FileDownloadTest" name="f" time="13.298"/>
  <system-out/>
</testsuite> <!-- testScript.FileDownloadTest -->
