<?xml version="1.0" encoding="UTF-8"?>
<!-- Generated by org.testng.reporters.JUnitReportReporter -->
<testsuite hostname="ZSCHN01LP0312" failures="0" tests="1" name="testScript.TakingScreenShot" time="3.247" errors="0" timestamp="2024-01-31T13:14:05 IST" skipped="0">
  <testcase classname="testScript.TakingScreenShot" name="f" time="3.247"/>
  <system-out/>
</testsuite> <!-- testScript.TakingScreenShot -->
