<?xml version="1.0" encoding="UTF-8"?>
<!-- Generated by org.testng.reporters.JUnitReportReporter -->
<testsuite hostname="ZSCHN01LP0312" failures="0" tests="3" name="groupScript.SampleTwoTest" time="0.002" errors="0" timestamp="2024-02-01T17:50:24 IST" skipped="0">
  <testcase classname="groupScript.SampleTwoTest" name="testtwo" time="0.000"/>
  <system-out/>
  <testcase classname="groupScript.SampleTwoTest" name="testone" time="0.001"/>
  <system-out/>
  <testcase classname="groupScript.SampleTwoTest" name="testthree" time="0.001"/>
  <system-out/>
</testsuite> <!-- groupScript.SampleTwoTest -->
