<?xml version="1.0" encoding="UTF-8"?>
<!-- Generated by org.testng.reporters.JUnitReportReporter -->
<testsuite hostname="ZSCHN01LP0312" failures="0" tests="1" name="testScript.PreceedingSuceedingList" time="7.606" errors="0" timestamp="2024-02-01T09:08:32 IST" skipped="0">
  <testcase classname="testScript.PreceedingSuceedingList" name="f" time="7.606"/>
  <system-out/>
</testsuite> <!-- testScript.PreceedingSuceedingList -->
