<?xml version="1.0" encoding="UTF-8"?>
<!-- Generated by org.testng.reporters.JUnitReportReporter -->
<testsuite hostname="ZSCHN01LP0312" failures="0" tests="1" name="testScript.WebTableTest" time="2.650" errors="0" timestamp="2024-01-30T16:30:30 IST" skipped="0">
  <testcase classname="testScript.WebTableTest" name="searchEmpDetails" time="2.650"/>
  <system-out/>
</testsuite> <!-- testScript.WebTableTest -->
