<?xml version="1.0" encoding="UTF-8"?>
<!-- Generated by org.testng.reporters.JUnitReportReporter -->
<testsuite hostname="ZSCHN01LP0312" failures="0" tests="1" name="testScript.SeriesSelectTest" time="13.710" errors="0" timestamp="2024-02-02T23:08:37 IST" skipped="0">
  <testcase classname="testScript.SeriesSelectTest" name="f" time="13.710"/>
  <system-out/>
</testsuite> <!-- testScript.SeriesSelectTest -->
