<?xml version="1.0" encoding="UTF-8"?>
<!-- Generated by org.testng.reporters.JUnitReportReporter -->
<testsuite hostname="ZSCHN01LP0312" failures="0" tests="1" name="testScript.FrameTest" time="3.812" errors="0" timestamp="2024-01-31T17:34:38 IST" skipped="0">
  <testcase classname="testScript.FrameTest" name="f" time="3.812"/>
  <system-out/>
</testsuite> <!-- testScript.FrameTest -->
