<?xml version="1.0" encoding="UTF-8"?>
<!-- Generated by org.testng.reporters.JUnitReportReporter -->
<testsuite hostname="ZSCHN01LP0312" failures="0" tests="1" name="testScript.MouseClick" time="3.098" errors="0" timestamp="2024-01-31T12:23:13 IST" skipped="0">
  <testcase classname="testScript.MouseClick" name="f" time="3.098"/>
  <system-out/>
</testsuite> <!-- testScript.MouseClick -->
