<?xml version="1.0" encoding="UTF-8"?>
<!-- Generated by org.testng.reporters.JUnitReportReporter -->
<testsuite hostname="ZSCHN01LP0312" failures="0" tests="1" name="testScript.RadioSelect" time="4.799" errors="0" timestamp="2024-01-31T21:13:50 IST" skipped="0">
  <testcase classname="testScript.RadioSelect" name="f" time="4.799"/>
  <system-out/>
</testsuite> <!-- testScript.RadioSelect -->
