<?xml version="1.0" encoding="UTF-8"?>
<!-- Generated by org.testng.reporters.JUnitReportReporter -->
<testsuite hostname="ZSCHN01LP0312" failures="0" tests="1" name="testScript.ChkRadioTest" time="3.985" errors="0" timestamp="2024-01-31T21:05:02 IST" skipped="0">
  <testcase classname="testScript.ChkRadioTest" name="chkRadio" time="3.985"/>
  <system-out/>
</testsuite> <!-- testScript.ChkRadioTest -->
