<?xml version="1.0" encoding="UTF-8"?>
<!-- Generated by org.testng.reporters.JUnitReportReporter -->
<testsuite hostname="ZSCHN01LP0312" failures="0" tests="2" name="testScript.ProductStoreCSVTest" time="17.395" errors="0" timestamp="2024-02-05T15:07:43 IST" skipped="0">
  <testcase classname="testScript.ProductStoreCSVTest" name="addItem" time="8.966"/>
  <system-out/>
  <testcase classname="testScript.ProductStoreCSVTest" name="addItem" time="8.429"/>
  <system-out/>
</testsuite> <!-- testScript.ProductStoreCSVTest -->
