<?xml version="1.0" encoding="UTF-8"?>
<!-- Generated by org.testng.reporters.JUnitReportReporter -->
<testsuite hostname="ZSCHN01LP0312" failures="0" tests="1" name="testScript.JavaPdf" time="5.996" errors="0" timestamp="2024-01-30T17:55:02 IST" skipped="0">
  <testcase classname="testScript.JavaPdf" name="f" time="5.996"/>
  <system-out/>
</testsuite> <!-- testScript.JavaPdf -->
