<?xml version="1.0" encoding="UTF-8"?>
<!-- Generated by org.testng.reporters.JUnitReportReporter -->
<testsuite hostname="ZSCHN01LP0312" failures="0" tests="1" name="testScript.DoubleMultiClick" time="5.205" errors="0" timestamp="2024-01-31T12:44:41 IST" skipped="0">
  <testcase classname="testScript.DoubleMultiClick" name="f" time="5.205"/>
  <system-out/>
</testsuite> <!-- testScript.DoubleMultiClick -->
