<?xml version="1.0" encoding="UTF-8"?>
<!-- Generated by org.testng.reporters.JUnitReportReporter -->
<testsuite hostname="ZSCHN01LP0312" failures="0" tests="1" name="testScript.SeleniumDemo" time="3.616" errors="0" timestamp="2024-01-31T09:29:41 IST" skipped="0">
  <testcase classname="testScript.SeleniumDemo" name="inputForm" time="3.616"/>
  <system-out/>
</testsuite> <!-- testScript.SeleniumDemo -->
