<?xml version="1.0" encoding="UTF-8"?>
<!-- Generated by org.testng.reporters.JUnitReportReporter -->
<testsuite hostname="ZSCHN01LP0312" failures="0" tests="1" name="testScript.ClearBoxCheck" time="4.573" errors="0" timestamp="2024-01-31T09:29:21 IST" skipped="0">
  <testcase classname="testScript.ClearBoxCheck" name="clearBox" time="4.573"/>
  <system-out/>
</testsuite> <!-- testScript.ClearBoxCheck -->
