<?xml version="1.0" encoding="UTF-8"?>
<!-- Generated by org.testng.reporters.JUnitReportReporter -->
<testsuite hostname="ZSCHN01LP0312" failures="0" tests="1" name="testScript.LoginPageTest" time="6.757" errors="0" timestamp="2024-02-02T10:12:45 IST" skipped="0">
  <testcase classname="testScript.LoginPageTest" name="validLogin" time="6.757"/>
  <system-out/>
</testsuite> <!-- testScript.LoginPageTest -->
