<?xml version="1.0" encoding="UTF-8"?>
<!-- Generated by org.testng.reporters.JUnitReportReporter -->
<testsuite hostname="ZSCHN01LP0312" failures="0" tests="1" name="testScript.IframeExTest" time="15.490" errors="0" timestamp="2024-02-02T23:47:07 IST" skipped="0">
  <testcase classname="testScript.IframeExTest" name="f" time="15.490"/>
  <system-out/>
</testsuite> <!-- testScript.IframeExTest -->
