<?xml version="1.0" encoding="UTF-8"?>
<!-- Generated by org.testng.reporters.JUnitReportReporter -->
<testsuite hostname="ZSCHN01LP0312" failures="0" tests="1" name="testScript.GoogleSearchTest" time="8.370" errors="0" timestamp="2024-01-30T12:27:15 IST" skipped="0">
  <testcase classname="testScript.GoogleSearchTest" name="searchJavaTest" time="8.370"/>
  <system-out/>
</testsuite> <!-- testScript.GoogleSearchTest -->
