<?xml version="1.0" encoding="UTF-8"?>
<!-- Generated by org.testng.reporters.JUnitReportReporter -->
<testsuite hostname="ZSCHN01LP0312" failures="0" tests="1" name="testScript.AlertTest" time="12.521" errors="0" timestamp="2024-01-31T20:59:58 IST" skipped="0">
  <testcase classname="testScript.AlertTest" name="f" time="12.521"/>
  <system-out/>
</testsuite> <!-- testScript.AlertTest -->
