<?xml version="1.0" encoding="UTF-8"?>
<!-- Generated by org.testng.reporters.JUnitReportReporter -->
<testsuite hostname="ZSCHN01LP0312" failures="0" tests="1" name="testScript.ExplicitWaitTest" time="20.381" errors="0" timestamp="2024-02-01T12:59:10 IST" skipped="0">
  <testcase classname="testScript.ExplicitWaitTest" name="f" time="20.381"/>
  <system-out/>
</testsuite> <!-- testScript.ExplicitWaitTest -->
