<?xml version="1.0" encoding="UTF-8"?>
<!-- Generated by org.testng.reporters.JUnitReportReporter -->
<testsuite hostname="ZSCHN01LP0312" failures="0" tests="3" name="parallelScript.SampleOneTest" time="6.919" errors="0" timestamp="2024-02-02T15:18:01 IST" skipped="0">
  <testcase classname="parallelScript.SampleOneTest" name="testthree" time="1.899"/>
  <system-out/>
  <testcase classname="parallelScript.SampleOneTest" name="testtwo" time="2.084"/>
  <system-out/>
  <testcase classname="parallelScript.SampleOneTest" name="testone" time="2.936"/>
  <system-out/>
</testsuite> <!-- parallelScript.SampleOneTest -->
