<?xml version="1.0" encoding="UTF-8"?>
<!-- Generated by org.testng.reporters.JUnitReportReporter -->
<testsuite hostname="ZSCHN01LP0312" failures="0" tests="1" name="testScript.DBTesting" time="0.015" errors="0" timestamp="2024-02-09T17:44:49 IST" skipped="0">
  <testcase classname="testScript.DBTesting" name="test" time="0.015"/>
  <system-out/>
</testsuite> <!-- testScript.DBTesting -->
