<?xml version="1.0" encoding="UTF-8"?>
<!-- Generated by org.testng.reporters.JUnitReportReporter -->
<testsuite hostname="ZSCHN01LP0312" failures="0" tests="1" name="testScript.TestSuiteSample" time="10.162" errors="0" timestamp="2024-02-01T14:55:46 IST" skipped="0">
  <testcase classname="testScript.TestSuiteSample" name="googleSearch" time="10.162"/>
  <system-out/>
</testsuite> <!-- testScript.TestSuiteSample -->
