<?xml version="1.0" encoding="UTF-8"?>
<!-- Generated by org.testng.reporters.JUnitReportReporter -->
<testsuite hostname="ZSCHN01LP0312" failures="0" tests="1" name="testScript.MouseAction" time="8.258" errors="0" timestamp="2024-02-06T16:36:32 IST" skipped="0">
  <testcase classname="testScript.MouseAction" name="f" time="8.258"/>
  <system-out/>
</testsuite> <!-- testScript.MouseAction -->
