<?xml version="1.0" encoding="UTF-8"?>
<!-- Generated by org.testng.reporters.JUnitReportReporter -->
<testsuite hostname="ZSCHN01LP0312" failures="0" tests="5" name="testScript.InvalidLoginTest" time="21.690" errors="0" timestamp="2024-02-07T17:09:53 IST" skipped="0">
  <testcase classname="testScript.InvalidLoginTest" name="blankUsrName" time="3.748"/>
  <system-out/>
  <testcase classname="testScript.InvalidLoginTest" name="blankUsrNameAndPwsd" time="3.651"/>
  <system-out/>
  <testcase classname="testScript.InvalidLoginTest" name="blankPswd" time="4.122"/>
  <system-out/>
  <testcase classname="testScript.InvalidLoginTest" name="incorrectPswd" time="5.100"/>
  <system-out/>
  <testcase classname="testScript.InvalidLoginTest" name="incorrectUsrName" time="5.069"/>
  <system-out/>
</testsuite> <!-- testScript.InvalidLoginTest -->
