<?xml version="1.0" encoding="UTF-8"?>
<!-- Generated by org.testng.reporters.JUnitReportReporter -->
<testsuite hostname="ZSCHN01LP0312" failures="0" tests="1" name="testScript.FileUploadTest" time="4.288" errors="0" timestamp="2024-01-31T17:51:16 IST" skipped="0">
  <testcase classname="testScript.FileUploadTest" name="f" time="4.288"/>
  <system-out/>
</testsuite> <!-- testScript.FileUploadTest -->
