<?xml version="1.0" encoding="UTF-8"?>
<!-- Generated by org.testng.reporters.JUnitReportReporter -->
<testsuite hostname="ZSCHN01LP0312" failures="0" tests="2" name="testScript.ProductStoreTest" time="6.266" errors="0" timestamp="2024-02-05T13:09:51 IST" skipped="0">
  <testcase classname="testScript.ProductStoreTest" name="login" time="1.291"/>
  <system-out/>
  <testcase classname="testScript.ProductStoreTest" name="addItem" time="4.975"/>
  <system-out/>
</testsuite> <!-- testScript.ProductStoreTest -->
